{
"/Users/Verem/Code/school-portal/server/models/index.js":{"path":"/Users/Verem/Code/school-portal/server/models/index.js","s":{"1":1,"2":1,"3":1,"4":1,"5":1,"6":1,"7":1,"8":1,"9":0,"10":1,"11":1,"12":7,"13":6,"14":6,"15":1,"16":6,"17":3,"18":1,"19":1,"20":1},"b":{"1":[1,0],"2":[0,1],"3":[7,7,6],"4":[3,3]},"f":{"1":7,"2":6,"3":6},"fnMap":{"1":{"name":"(anonymous_1)","line":19,"loc":{"start":{"line":19,"column":10},"end":{"line":19,"column":25}}},"2":{"name":"(anonymous_2)","line":22,"loc":{"start":{"line":22,"column":11},"end":{"line":22,"column":26}}},"3":{"name":"(anonymous_3)","line":27,"loc":{"start":{"line":27,"column":24},"end":{"line":27,"column":44}}}},"statementMap":{"1":{"start":{"line":3,"column":0},"end":{"line":3,"column":30}},"2":{"start":{"line":4,"column":0},"end":{"line":4,"column":32}},"3":{"start":{"line":5,"column":0},"end":{"line":5,"column":37}},"4":{"start":{"line":6,"column":0},"end":{"line":6,"column":47}},"5":{"start":{"line":7,"column":0},"end":{"line":7,"column":54}},"6":{"start":{"line":8,"column":0},"end":{"line":8,"column":67}},"7":{"start":{"line":9,"column":0},"end":{"line":9,"column":19}},"8":{"start":{"line":11,"column":0},"end":{"line":15,"column":1}},"9":{"start":{"line":12,"column":2},"end":{"line":12,"column":70}},"10":{"start":{"line":14,"column":2},"end":{"line":14,"column":91}},"11":{"start":{"line":17,"column":0},"end":{"line":25,"column":5}},"12":{"start":{"line":20,"column":4},"end":{"line":20,"column":90}},"13":{"start":{"line":23,"column":4},"end":{"line":23,"column":64}},"14":{"start":{"line":24,"column":4},"end":{"line":24,"column":27}},"15":{"start":{"line":27,"column":0},"end":{"line":31,"column":3}},"16":{"start":{"line":28,"column":2},"end":{"line":30,"column":3}},"17":{"start":{"line":29,"column":4},"end":{"line":29,"column":32}},"18":{"start":{"line":33,"column":0},"end":{"line":33,"column":25}},"19":{"start":{"line":34,"column":0},"end":{"line":34,"column":25}},"20":{"start":{"line":36,"column":0},"end":{"line":36,"column":20}}},"branchMap":{"1":{"line":7,"type":"binary-expr","locations":[{"start":{"line":7,"column":16},"end":{"line":7,"column":36}},{"start":{"line":7,"column":40},"end":{"line":7,"column":53}}]},"2":{"line":11,"type":"if","locations":[{"start":{"line":11,"column":0},"end":{"line":11,"column":0}},{"start":{"line":11,"column":0},"end":{"line":11,"column":0}}]},"3":{"line":20,"type":"binary-expr","locations":[{"start":{"line":20,"column":12},"end":{"line":20,"column":35}},{"start":{"line":20,"column":41},"end":{"line":20,"column":58}},{"start":{"line":20,"column":64},"end":{"line":20,"column":88}}]},"4":{"line":28,"type":"if","locations":[{"start":{"line":28,"column":2},"end":{"line":28,"column":2}},{"start":{"line":28,"column":2},"end":{"line":28,"column":2}}]}},"l":{"3":1,"4":1,"5":1,"6":1,"7":1,"8":1,"9":1,"11":1,"12":0,"14":1,"17":1,"20":7,"23":6,"24":6,"27":1,"28":6,"29":3,"33":1,"34":1,"36":1}},
"/Users/Verem/Code/school-portal/server/models/payment-type.server.model.js":{"path":"/Users/Verem/Code/school-portal/server/models/payment-type.server.model.js","s":{"1":1,"2":1,"3":1},"b":{},"f":{"1":1},"fnMap":{"1":{"name":"(anonymous_1)","line":1,"loc":{"start":{"line":1,"column":17},"end":{"line":1,"column":49}}}},"statementMap":{"1":{"start":{"line":1,"column":0},"end":{"line":8,"column":1}},"2":{"start":{"line":2,"column":2},"end":{"line":5,"column":5}},"3":{"start":{"line":7,"column":2},"end":{"line":7,"column":21}}},"branchMap":{},"l":{"1":1,"2":1,"7":1}},
"/Users/Verem/Code/school-portal/server/models/payment.server.model.js":{"path":"/Users/Verem/Code/school-portal/server/models/payment.server.model.js","s":{"1":1,"2":1,"3":1,"4":1,"5":1,"6":1},"b":{},"f":{"1":1,"2":1},"fnMap":{"1":{"name":"(anonymous_1)","line":1,"loc":{"start":{"line":1,"column":17},"end":{"line":1,"column":48}}},"2":{"name":"(anonymous_2)","line":8,"loc":{"start":{"line":8,"column":17},"end":{"line":8,"column":35}}}},"statementMap":{"1":{"start":{"line":1,"column":0},"end":{"line":28,"column":1}},"2":{"start":{"line":2,"column":2},"end":{"line":26,"column":5}},"3":{"start":{"line":9,"column":8},"end":{"line":13,"column":11}},"4":{"start":{"line":14,"column":8},"end":{"line":18,"column":11}},"5":{"start":{"line":19,"column":8},"end":{"line":23,"column":11}},"6":{"start":{"line":27,"column":2},"end":{"line":27,"column":17}}},"branchMap":{},"l":{"1":1,"2":1,"9":1,"14":1,"19":1,"27":1}},
"/Users/Verem/Code/school-portal/server/models/role.server.model.js":{"path":"/Users/Verem/Code/school-portal/server/models/role.server.model.js","s":{"1":1,"2":1,"3":1},"b":{},"f":{"1":1},"fnMap":{"1":{"name":"(anonymous_1)","line":1,"loc":{"start":{"line":1,"column":17},"end":{"line":1,"column":49}}}},"statementMap":{"1":{"start":{"line":1,"column":0},"end":{"line":7,"column":1}},"2":{"start":{"line":2,"column":2},"end":{"line":5,"column":5}},"3":{"start":{"line":6,"column":2},"end":{"line":6,"column":14}}},"branchMap":{},"l":{"1":1,"2":1,"6":1}},
"/Users/Verem/Code/school-portal/server/models/student.server.model.js":{"path":"/Users/Verem/Code/school-portal/server/models/student.server.model.js","s":{"1":1,"2":1,"3":1,"4":1},"b":{},"f":{"1":1,"2":1},"fnMap":{"1":{"name":"(anonymous_1)","line":1,"loc":{"start":{"line":1,"column":17},"end":{"line":1,"column":49}}},"2":{"name":"(anonymous_2)","line":9,"loc":{"start":{"line":9,"column":17},"end":{"line":9,"column":35}}}},"statementMap":{"1":{"start":{"line":1,"column":0},"end":{"line":19,"column":1}},"2":{"start":{"line":2,"column":2},"end":{"line":17,"column":5}},"3":{"start":{"line":10,"column":8},"end":{"line":14,"column":11}},"4":{"start":{"line":18,"column":2},"end":{"line":18,"column":17}}},"branchMap":{},"l":{"1":1,"2":1,"10":1,"18":1}},
"/Users/Verem/Code/school-portal/server/models/term.server.model.js":{"path":"/Users/Verem/Code/school-portal/server/models/term.server.model.js","s":{"1":1,"2":1,"3":1},"b":{},"f":{"1":1},"fnMap":{"1":{"name":"(anonymous_1)","line":1,"loc":{"start":{"line":1,"column":17},"end":{"line":1,"column":49}}}},"statementMap":{"1":{"start":{"line":1,"column":0},"end":{"line":8,"column":1}},"2":{"start":{"line":2,"column":2},"end":{"line":6,"column":5}},"3":{"start":{"line":7,"column":2},"end":{"line":7,"column":14}}},"branchMap":{},"l":{"1":1,"2":1,"7":1}},
"/Users/Verem/Code/school-portal/server/models/user.server.model.js":{"path":"/Users/Verem/Code/school-portal/server/models/user.server.model.js","s":{"1":1,"2":1,"3":3,"4":3,"5":3,"6":1,"7":1},"b":{},"f":{"1":1,"2":3,"3":1},"fnMap":{"1":{"name":"(anonymous_1)","line":1,"loc":{"start":{"line":1,"column":17},"end":{"line":1,"column":49}}},"2":{"name":"(anonymous_2)","line":11,"loc":{"start":{"line":11,"column":20},"end":{"line":11,"column":32}}},"3":{"name":"(anonymous_3)","line":18,"loc":{"start":{"line":18,"column":23},"end":{"line":18,"column":41}}}},"statementMap":{"1":{"start":{"line":1,"column":0},"end":{"line":29,"column":2}},"2":{"start":{"line":2,"column":4},"end":{"line":27,"column":7}},"3":{"start":{"line":12,"column":16},"end":{"line":12,"column":39}},"4":{"start":{"line":13,"column":16},"end":{"line":13,"column":38}},"5":{"start":{"line":14,"column":16},"end":{"line":14,"column":29}},"6":{"start":{"line":19,"column":16},"end":{"line":24,"column":19}},"7":{"start":{"line":28,"column":4},"end":{"line":28,"column":16}}},"branchMap":{},"l":{"1":1,"2":1,"12":3,"13":3,"14":3,"19":1,"28":1}},
"/Users/Verem/Code/school-portal/server/controllers/index.js":{"path":"/Users/Verem/Code/school-portal/server/controllers/index.js","s":{"1":1,"2":1,"3":1},"b":{},"f":{},"fnMap":{},"statementMap":{"1":{"start":{"line":1,"column":0},"end":{"line":1,"column":57}},"2":{"start":{"line":2,"column":0},"end":{"line":2,"column":58}},"3":{"start":{"line":4,"column":0},"end":{"line":7,"column":2}}},"branchMap":{},"l":{"1":1,"2":1,"4":1}},
"/Users/Verem/Code/school-portal/server/controllers/user.server.controller.js":{"path":"/Users/Verem/Code/school-portal/server/controllers/user.server.controller.js","s":{"1":1,"2":1,"3":1,"4":2,"5":1,"6":1,"7":1,"8":2,"9":2,"10":1,"11":1,"12":1,"13":2,"14":2,"15":1,"16":1,"17":1,"18":2,"19":1,"20":1},"b":{},"f":{"1":2,"2":1,"3":1,"4":2,"5":1,"6":1,"7":2,"8":1,"9":1,"10":2,"11":1,"12":1},"fnMap":{"1":{"name":"index","line":10,"loc":{"start":{"line":10,"column":0},"end":{"line":10,"column":25}}},"2":{"name":"(anonymous_2)","line":11,"loc":{"start":{"line":11,"column":29},"end":{"line":11,"column":46}}},"3":{"name":"(anonymous_3)","line":14,"loc":{"start":{"line":14,"column":9},"end":{"line":14,"column":26}}},"4":{"name":"find","line":19,"loc":{"start":{"line":19,"column":0},"end":{"line":19,"column":24}}},"5":{"name":"(anonymous_5)","line":21,"loc":{"start":{"line":21,"column":32},"end":{"line":21,"column":48}}},"6":{"name":"(anonymous_6)","line":24,"loc":{"start":{"line":24,"column":9},"end":{"line":24,"column":26}}},"7":{"name":"destroy","line":29,"loc":{"start":{"line":29,"column":0},"end":{"line":29,"column":27}}},"8":{"name":"(anonymous_8)","line":35,"loc":{"start":{"line":35,"column":10},"end":{"line":35,"column":34}}},"9":{"name":"(anonymous_9)","line":38,"loc":{"start":{"line":38,"column":9},"end":{"line":38,"column":26}}},"10":{"name":"update","line":44,"loc":{"start":{"line":44,"column":0},"end":{"line":44,"column":26}}},"11":{"name":"(anonymous_11)","line":45,"loc":{"start":{"line":45,"column":36},"end":{"line":45,"column":55}}},"12":{"name":"(anonymous_12)","line":48,"loc":{"start":{"line":48,"column":9},"end":{"line":48,"column":26}}}},"statementMap":{"1":{"start":{"line":1,"column":0},"end":{"line":1,"column":34}},"2":{"start":{"line":3,"column":0},"end":{"line":8,"column":1}},"3":{"start":{"line":10,"column":0},"end":{"line":17,"column":1}},"4":{"start":{"line":11,"column":2},"end":{"line":16,"column":5}},"5":{"start":{"line":12,"column":4},"end":{"line":12,"column":39}},"6":{"start":{"line":15,"column":4},"end":{"line":15,"column":59}},"7":{"start":{"line":19,"column":0},"end":{"line":27,"column":1}},"8":{"start":{"line":20,"column":2},"end":{"line":20,"column":25}},"9":{"start":{"line":21,"column":2},"end":{"line":26,"column":5}},"10":{"start":{"line":22,"column":4},"end":{"line":22,"column":31}},"11":{"start":{"line":25,"column":4},"end":{"line":25,"column":53}},"12":{"start":{"line":29,"column":0},"end":{"line":41,"column":1}},"13":{"start":{"line":30,"column":2},"end":{"line":30,"column":25}},"14":{"start":{"line":31,"column":2},"end":{"line":40,"column":5}},"15":{"start":{"line":36,"column":4},"end":{"line":36,"column":62}},"16":{"start":{"line":39,"column":4},"end":{"line":39,"column":53}},"17":{"start":{"line":44,"column":0},"end":{"line":51,"column":1}},"18":{"start":{"line":45,"column":2},"end":{"line":50,"column":5}},"19":{"start":{"line":46,"column":4},"end":{"line":46,"column":63}},"20":{"start":{"line":49,"column":4},"end":{"line":49,"column":53}}},"branchMap":{},"l":{"1":1,"3":1,"10":1,"11":2,"12":1,"15":1,"19":1,"20":2,"21":2,"22":1,"25":1,"29":1,"30":2,"31":2,"36":1,"39":1,"44":1,"45":2,"46":1,"49":1}},
"/Users/Verem/Code/school-portal/server/controllers/role.server.controller.js":{"path":"/Users/Verem/Code/school-portal/server/controllers/role.server.controller.js","s":{"1":1,"2":1,"3":1,"4":2,"5":1,"6":1,"7":1,"8":2,"9":2,"10":1,"11":1,"12":1,"13":2,"14":2,"15":2,"16":1,"17":1,"18":1,"19":2,"20":2,"21":1,"22":1},"b":{},"f":{"1":2,"2":1,"3":1,"4":2,"5":1,"6":1,"7":2,"8":1,"9":1,"10":2,"11":1,"12":1},"fnMap":{"1":{"name":"index","line":11,"loc":{"start":{"line":11,"column":0},"end":{"line":11,"column":25}}},"2":{"name":"(anonymous_2)","line":12,"loc":{"start":{"line":12,"column":29},"end":{"line":12,"column":46}}},"3":{"name":"(anonymous_3)","line":15,"loc":{"start":{"line":15,"column":9},"end":{"line":15,"column":25}}},"4":{"name":"find","line":20,"loc":{"start":{"line":20,"column":0},"end":{"line":20,"column":24}}},"5":{"name":"(anonymous_5)","line":22,"loc":{"start":{"line":22,"column":32},"end":{"line":22,"column":48}}},"6":{"name":"(anonymous_6)","line":25,"loc":{"start":{"line":25,"column":9},"end":{"line":25,"column":24}}},"7":{"name":"update","line":30,"loc":{"start":{"line":30,"column":0},"end":{"line":30,"column":26}}},"8":{"name":"(anonymous_8)","line":37,"loc":{"start":{"line":37,"column":10},"end":{"line":37,"column":34}}},"9":{"name":"(anonymous_9)","line":39,"loc":{"start":{"line":39,"column":11},"end":{"line":39,"column":26}}},"10":{"name":"destroy","line":44,"loc":{"start":{"line":44,"column":0},"end":{"line":44,"column":27}}},"11":{"name":"(anonymous_11)","line":50,"loc":{"start":{"line":50,"column":10},"end":{"line":50,"column":33}}},"12":{"name":"(anonymous_12)","line":53,"loc":{"start":{"line":53,"column":9},"end":{"line":53,"column":24}}}},"statementMap":{"1":{"start":{"line":1,"column":0},"end":{"line":1,"column":34}},"2":{"start":{"line":3,"column":0},"end":{"line":8,"column":2}},"3":{"start":{"line":11,"column":0},"end":{"line":18,"column":1}},"4":{"start":{"line":12,"column":2},"end":{"line":17,"column":5}},"5":{"start":{"line":13,"column":4},"end":{"line":13,"column":39}},"6":{"start":{"line":16,"column":4},"end":{"line":16,"column":60}},"7":{"start":{"line":20,"column":0},"end":{"line":28,"column":1}},"8":{"start":{"line":21,"column":2},"end":{"line":21,"column":25}},"9":{"start":{"line":22,"column":2},"end":{"line":27,"column":5}},"10":{"start":{"line":23,"column":4},"end":{"line":23,"column":38}},"11":{"start":{"line":26,"column":4},"end":{"line":26,"column":58}},"12":{"start":{"line":30,"column":0},"end":{"line":42,"column":1}},"13":{"start":{"line":31,"column":2},"end":{"line":31,"column":25}},"14":{"start":{"line":32,"column":2},"end":{"line":32,"column":27}},"15":{"start":{"line":33,"column":2},"end":{"line":41,"column":5}},"16":{"start":{"line":38,"column":4},"end":{"line":38,"column":38}},"17":{"start":{"line":40,"column":4},"end":{"line":40,"column":58}},"18":{"start":{"line":44,"column":0},"end":{"line":56,"column":1}},"19":{"start":{"line":45,"column":2},"end":{"line":45,"column":25}},"20":{"start":{"line":46,"column":2},"end":{"line":55,"column":5}},"21":{"start":{"line":51,"column":4},"end":{"line":51,"column":61}},"22":{"start":{"line":54,"column":4},"end":{"line":54,"column":58}}},"branchMap":{},"l":{"1":1,"3":1,"11":1,"12":2,"13":1,"16":1,"20":1,"21":2,"22":2,"23":1,"26":1,"30":1,"31":2,"32":2,"33":2,"38":1,"40":1,"44":1,"45":2,"46":2,"51":1,"54":1}}}
