TN:
SF:/Users/Verem/Code/school-portal/server/models/index.js
FN:19,(anonymous_1)
FN:22,(anonymous_2)
FN:27,(anonymous_3)
FNF:3
FNH:3
FNDA:8,(anonymous_1)
FNDA:7,(anonymous_2)
FNDA:7,(anonymous_3)
DA:3,1
DA:4,1
DA:5,1
DA:6,1
DA:7,1
DA:8,1
DA:9,1
DA:11,1
DA:12,0
DA:14,1
DA:17,1
DA:20,8
DA:23,7
DA:24,7
DA:27,1
DA:28,7
DA:29,3
DA:33,1
DA:34,1
DA:36,1
LF:20
LH:19
BRDA:7,1,0,1
BRDA:7,1,1,0
BRDA:11,2,0,0
BRDA:11,2,1,1
BRDA:20,3,0,8
BRDA:20,3,1,8
BRDA:20,3,2,7
BRDA:28,4,0,3
BRDA:28,4,1,4
BRF:9
BRH:7
end_of_record
TN:
SF:/Users/Verem/Code/school-portal/server/models/payment-type.server.model.js
FN:3,(anonymous_1)
FNF:1
FNH:1
FNDA:1,(anonymous_1)
DA:3,1
DA:4,1
DA:9,1
LF:3
LH:3
BRF:0
BRH:0
end_of_record
TN:
SF:/Users/Verem/Code/school-portal/server/models/payment.server.model.js
FN:3,(anonymous_1)
FN:10,(anonymous_2)
FNF:2
FNH:2
FNDA:1,(anonymous_1)
FNDA:1,(anonymous_2)
DA:3,1
DA:4,1
DA:11,1
DA:16,1
DA:21,1
DA:29,1
LF:6
LH:6
BRF:0
BRH:0
end_of_record
TN:
SF:/Users/Verem/Code/school-portal/server/models/registration-tokens.server.model.js
FN:4,(anonymous_1)
FNF:1
FNH:1
FNDA:1,(anonymous_1)
DA:2,1
DA:4,1
DA:5,1
DA:11,1
LF:4
LH:4
BRF:0
BRH:0
end_of_record
TN:
SF:/Users/Verem/Code/school-portal/server/models/role.server.model.js
FN:3,(anonymous_1)
FNF:1
FNH:1
FNDA:1,(anonymous_1)
DA:3,1
DA:4,1
DA:8,1
LF:3
LH:3
BRF:0
BRH:0
end_of_record
TN:
SF:/Users/Verem/Code/school-portal/server/models/student.server.model.js
FN:2,(anonymous_1)
FN:10,(anonymous_2)
FNF:2
FNH:2
FNDA:1,(anonymous_1)
FNDA:1,(anonymous_2)
DA:2,1
DA:3,1
DA:11,1
DA:19,1
LF:4
LH:4
BRF:0
BRH:0
end_of_record
TN:
SF:/Users/Verem/Code/school-portal/server/models/term.server.model.js
FN:3,(anonymous_1)
FNF:1
FNH:1
FNDA:1,(anonymous_1)
DA:3,1
DA:4,1
DA:9,1
LF:3
LH:3
BRF:0
BRH:0
end_of_record
TN:
SF:/Users/Verem/Code/school-portal/server/models/user.server.model.js
FN:7,(anonymous_1)
FN:17,(anonymous_2)
FN:22,(anonymous_3)
FN:24,(anonymous_4)
FN:36,(anonymous_5)
FN:47,(anonymous_6)
FN:48,(anonymous_7)
FN:49,(anonymous_8)
FNF:8
FNH:8
FNDA:1,(anonymous_1)
FNDA:4,(anonymous_2)
FNDA:2,(anonymous_3)
FNDA:2,(anonymous_4)
FNDA:1,(anonymous_5)
FNDA:45,(anonymous_6)
FNDA:45,(anonymous_7)
FNDA:45,(anonymous_8)
DA:3,1
DA:4,1
DA:7,1
DA:8,1
DA:18,4
DA:19,4
DA:20,4
DA:23,2
DA:24,2
DA:25,2
DA:26,1
DA:28,1
DA:32,2
DA:37,1
DA:47,1
DA:48,45
DA:49,45
DA:50,45
DA:51,1
DA:53,45
DA:54,45
DA:59,1
LF:22
LH:22
BRDA:25,1,0,1
BRDA:25,1,1,1
BRDA:50,2,0,1
BRDA:50,2,1,44
BRF:4
BRH:4
end_of_record
TN:
SF:/Users/Verem/Code/school-portal/server/controllers/index.js
FNF:0
FNH:0
DA:3,1
DA:4,1
DA:5,1
DA:6,1
DA:7,1
DA:8,1
DA:10,1
LF:7
LH:7
BRF:0
BRH:0
end_of_record
TN:
SF:/Users/Verem/Code/school-portal/server/controllers/user.server.controller.js
FN:16,index
FN:17,(anonymous_2)
FN:20,(anonymous_3)
FN:25,find
FN:27,(anonymous_5)
FN:30,(anonymous_6)
FN:35,destroy
FN:41,(anonymous_8)
FN:44,(anonymous_9)
FN:50,update
FN:51,(anonymous_11)
FN:54,(anonymous_12)
FN:59,save
FN:61,(anonymous_14)
FN:64,(anonymous_15)
FN:69,sendMail
FN:74,(anonymous_17)
FN:81,(anonymous_18)
FN:82,(anonymous_19)
FN:84,(anonymous_20)
FN:87,(anonymous_21)
FNF:21
FNH:14
FNDA:2,index
FNDA:1,(anonymous_2)
FNDA:1,(anonymous_3)
FNDA:2,find
FNDA:1,(anonymous_5)
FNDA:1,(anonymous_6)
FNDA:2,destroy
FNDA:1,(anonymous_8)
FNDA:1,(anonymous_9)
FNDA:2,update
FNDA:1,(anonymous_11)
FNDA:1,(anonymous_12)
FNDA:1,save
FNDA:1,(anonymous_14)
FNDA:0,(anonymous_15)
FNDA:0,sendMail
FNDA:0,(anonymous_17)
FNDA:0,(anonymous_18)
FNDA:0,(anonymous_19)
FNDA:0,(anonymous_20)
FNDA:0,(anonymous_21)
DA:2,1
DA:3,1
DA:4,1
DA:5,1
DA:7,1
DA:16,1
DA:17,2
DA:18,1
DA:21,1
DA:25,1
DA:26,2
DA:27,2
DA:28,1
DA:31,1
DA:35,1
DA:36,2
DA:37,2
DA:42,1
DA:45,1
DA:50,1
DA:51,2
DA:52,1
DA:55,1
DA:59,1
DA:60,1
DA:61,1
DA:62,1
DA:65,0
DA:69,1
DA:70,0
DA:71,0
DA:72,0
DA:74,0
DA:75,0
DA:77,0
DA:81,0
DA:82,0
DA:83,0
DA:85,0
DA:88,0
LF:40
LH:28
BRF:0
BRH:0
end_of_record
TN:
SF:/Users/Verem/Code/school-portal/server/utils/token.js
FN:13,createToken
FN:23,createHash
FN:25,(anonymous_3)
FN:29,(anonymous_4)
FNF:4
FNH:4
FNDA:1,createToken
FNDA:2,createHash
FNDA:2,(anonymous_3)
FNDA:2,(anonymous_4)
DA:1,1
DA:2,1
DA:3,1
DA:4,1
DA:5,1
DA:7,1
DA:13,1
DA:14,1
DA:20,1
DA:23,1
DA:24,2
DA:25,2
DA:26,2
DA:27,0
DA:29,2
DA:30,2
DA:31,1
DA:33,1
DA:38,2
LF:19
LH:18
BRDA:26,1,0,0
BRDA:26,1,1,2
BRDA:30,2,0,1
BRDA:30,2,1,1
BRF:4
BRH:3
end_of_record
TN:
SF:/Users/Verem/Code/school-portal/server/utils/mailer.js
FN:16,sendMail
FN:35,(anonymous_2)
FNF:2
FNH:0
FNDA:0,sendMail
FNDA:0,(anonymous_2)
DA:1,1
DA:2,1
DA:3,1
DA:4,1
DA:5,1
DA:6,1
DA:7,1
DA:8,1
DA:11,1
DA:16,1
DA:17,0
DA:18,0
DA:27,0
DA:34,0
DA:35,0
DA:36,0
DA:37,0
DA:39,0
DA:42,0
LF:19
LH:10
BRDA:36,1,0,0
BRDA:36,1,1,0
BRF:2
BRH:0
end_of_record
TN:
SF:/Users/Verem/Code/school-portal/server/controllers/role.server.controller.js
FN:14,index
FN:15,(anonymous_2)
FN:18,(anonymous_3)
FN:23,find
FN:25,(anonymous_5)
FN:28,(anonymous_6)
FN:33,update
FN:40,(anonymous_8)
FN:42,(anonymous_9)
FN:47,destroy
FN:53,(anonymous_11)
FN:56,(anonymous_12)
FN:61,save
FN:63,(anonymous_14)
FN:66,(anonymous_15)
FNF:15
FNH:14
FNDA:2,index
FNDA:1,(anonymous_2)
FNDA:1,(anonymous_3)
FNDA:2,find
FNDA:1,(anonymous_5)
FNDA:1,(anonymous_6)
FNDA:2,update
FNDA:1,(anonymous_8)
FNDA:1,(anonymous_9)
FNDA:2,destroy
FNDA:1,(anonymous_11)
FNDA:1,(anonymous_12)
FNDA:1,save
FNDA:1,(anonymous_14)
FNDA:0,(anonymous_15)
DA:3,1
DA:5,1
DA:14,1
DA:15,2
DA:16,1
DA:19,1
DA:23,1
DA:24,2
DA:25,2
DA:26,1
DA:29,1
DA:33,1
DA:34,2
DA:35,2
DA:36,2
DA:41,1
DA:43,1
DA:47,1
DA:48,2
DA:49,2
DA:54,1
DA:57,1
DA:61,1
DA:62,1
DA:63,1
DA:64,1
DA:67,0
LF:27
LH:26
BRF:0
BRH:0
end_of_record
TN:
SF:/Users/Verem/Code/school-portal/server/controllers/term.server.controller.js
FN:13,find
FN:15,(anonymous_2)
FN:18,(anonymous_3)
FN:23,index
FN:24,(anonymous_5)
FN:27,(anonymous_6)
FN:32,save
FN:34,(anonymous_8)
FN:37,(anonymous_9)
FN:42,update
FN:49,(anonymous_11)
FN:52,(anonymous_12)
FN:57,destroy
FN:63,(anonymous_14)
FN:66,(anonymous_15)
FNF:15
FNH:14
FNDA:2,find
FNDA:1,(anonymous_2)
FNDA:1,(anonymous_3)
FNDA:2,index
FNDA:1,(anonymous_5)
FNDA:1,(anonymous_6)
FNDA:1,save
FNDA:1,(anonymous_8)
FNDA:0,(anonymous_9)
FNDA:2,update
FNDA:1,(anonymous_11)
FNDA:1,(anonymous_12)
FNDA:2,destroy
FNDA:1,(anonymous_14)
FNDA:1,(anonymous_15)
DA:3,1
DA:5,1
DA:13,1
DA:14,2
DA:15,2
DA:16,1
DA:19,1
DA:23,1
DA:24,2
DA:25,1
DA:28,1
DA:32,1
DA:33,1
DA:34,1
DA:35,1
DA:38,0
DA:42,1
DA:43,2
DA:44,2
DA:45,2
DA:50,1
DA:53,1
DA:57,1
DA:58,2
DA:59,2
DA:64,1
DA:67,1
LF:27
LH:26
BRF:0
BRH:0
end_of_record
TN:
SF:/Users/Verem/Code/school-portal/server/controllers/student.server.controller.js
FN:15,find
FN:17,(anonymous_2)
FN:20,(anonymous_3)
FN:25,update
FN:32,(anonymous_5)
FN:35,(anonymous_6)
FN:40,destroy
FN:46,(anonymous_8)
FN:49,(anonymous_9)
FN:54,save
FN:56,(anonymous_11)
FN:59,(anonymous_12)
FN:64,index
FN:65,(anonymous_14)
FN:68,(anonymous_15)
FNF:15
FNH:14
FNDA:2,find
FNDA:1,(anonymous_2)
FNDA:1,(anonymous_3)
FNDA:2,update
FNDA:1,(anonymous_5)
FNDA:1,(anonymous_6)
FNDA:2,destroy
FNDA:1,(anonymous_8)
FNDA:1,(anonymous_9)
FNDA:1,save
FNDA:1,(anonymous_11)
FNDA:0,(anonymous_12)
FNDA:2,index
FNDA:1,(anonymous_14)
FNDA:1,(anonymous_15)
DA:3,1
DA:6,1
DA:15,1
DA:16,2
DA:17,2
DA:18,1
DA:21,1
DA:25,1
DA:26,2
DA:27,2
DA:28,2
DA:33,1
DA:36,1
DA:40,1
DA:41,2
DA:42,2
DA:47,1
DA:50,1
DA:54,1
DA:55,1
DA:56,1
DA:57,1
DA:60,0
DA:64,1
DA:65,2
DA:66,1
DA:69,1
LF:27
LH:26
BRF:0
BRH:0
end_of_record
TN:
SF:/Users/Verem/Code/school-portal/server/controllers/payment.server.controller.js
FN:12,index
FN:13,(anonymous_2)
FN:16,(anonymous_3)
FN:21,save
FN:23,(anonymous_5)
FN:26,(anonymous_6)
FN:31,find
FN:33,(anonymous_8)
FN:36,(anonymous_9)
FN:41,update
FN:48,(anonymous_11)
FN:51,(anonymous_12)
FN:56,destroy
FN:62,(anonymous_14)
FN:65,(anonymous_15)
FNF:15
FNH:14
FNDA:2,index
FNDA:1,(anonymous_2)
FNDA:1,(anonymous_3)
FNDA:1,save
FNDA:1,(anonymous_5)
FNDA:0,(anonymous_6)
FNDA:2,find
FNDA:1,(anonymous_8)
FNDA:1,(anonymous_9)
FNDA:2,update
FNDA:1,(anonymous_11)
FNDA:1,(anonymous_12)
FNDA:2,destroy
FNDA:1,(anonymous_14)
FNDA:1,(anonymous_15)
DA:1,1
DA:3,1
DA:12,1
DA:13,2
DA:14,1
DA:17,1
DA:21,1
DA:22,1
DA:23,1
DA:24,1
DA:27,0
DA:31,1
DA:32,2
DA:33,2
DA:34,1
DA:37,1
DA:41,1
DA:42,2
DA:43,2
DA:44,2
DA:49,1
DA:52,1
DA:56,1
DA:57,2
DA:58,2
DA:63,1
DA:66,1
LF:27
LH:26
BRF:0
BRH:0
end_of_record
TN:
SF:/Users/Verem/Code/school-portal/server/controllers/payment-type.server.controller.js
FN:12,index
FN:13,(anonymous_2)
FN:16,(anonymous_3)
FN:21,find
FN:23,(anonymous_5)
FN:26,(anonymous_6)
FN:31,save
FN:33,(anonymous_8)
FN:36,(anonymous_9)
FN:41,destroy
FN:47,(anonymous_11)
FN:50,(anonymous_12)
FN:55,update
FN:62,(anonymous_14)
FN:65,(anonymous_15)
FNF:15
FNH:14
FNDA:2,index
FNDA:1,(anonymous_2)
FNDA:1,(anonymous_3)
FNDA:2,find
FNDA:1,(anonymous_5)
FNDA:1,(anonymous_6)
FNDA:1,save
FNDA:1,(anonymous_8)
FNDA:0,(anonymous_9)
FNDA:2,destroy
FNDA:1,(anonymous_11)
FNDA:1,(anonymous_12)
FNDA:2,update
FNDA:1,(anonymous_14)
FNDA:1,(anonymous_15)
DA:1,1
DA:4,1
DA:12,1
DA:13,2
DA:14,1
DA:17,1
DA:21,1
DA:22,2
DA:23,2
DA:24,1
DA:27,1
DA:31,1
DA:32,1
DA:33,1
DA:34,1
DA:37,0
DA:41,1
DA:42,2
DA:43,2
DA:48,1
DA:51,1
DA:55,1
DA:56,2
DA:57,2
DA:58,2
DA:63,1
DA:66,1
LF:27
LH:26
BRF:0
BRH:0
end_of_record
