TN:
SF:/Users/Verem/Code/school-portal/server/models/index.js
FN:19,(anonymous_1)
FN:22,(anonymous_2)
FN:27,(anonymous_3)
FNF:3
FNH:3
FNDA:7,(anonymous_1)
FNDA:6,(anonymous_2)
FNDA:6,(anonymous_3)
DA:3,1
DA:4,1
DA:5,1
DA:6,1
DA:7,1
DA:8,1
DA:9,1
DA:11,1
DA:12,0
DA:14,1
DA:17,1
DA:20,7
DA:23,6
DA:24,6
DA:27,1
DA:28,6
DA:29,3
DA:33,1
DA:34,1
DA:36,1
LF:20
LH:19
BRDA:7,1,0,1
BRDA:7,1,1,0
BRDA:11,2,0,0
BRDA:11,2,1,1
BRDA:20,3,0,7
BRDA:20,3,1,7
BRDA:20,3,2,6
BRDA:28,4,0,3
BRDA:28,4,1,3
BRF:9
BRH:7
end_of_record
TN:
SF:/Users/Verem/Code/school-portal/server/models/payment-type.server.model.js
FN:3,(anonymous_1)
FNF:1
FNH:1
FNDA:1,(anonymous_1)
DA:3,1
DA:4,1
DA:9,1
LF:3
LH:3
BRF:0
BRH:0
end_of_record
TN:
SF:/Users/Verem/Code/school-portal/server/models/payment.server.model.js
FN:3,(anonymous_1)
FN:10,(anonymous_2)
FNF:2
FNH:2
FNDA:1,(anonymous_1)
FNDA:1,(anonymous_2)
DA:3,1
DA:4,1
DA:11,1
DA:16,1
DA:21,1
DA:29,1
LF:6
LH:6
BRF:0
BRH:0
end_of_record
TN:
SF:/Users/Verem/Code/school-portal/server/models/role.server.model.js
FN:3,(anonymous_1)
FNF:1
FNH:1
FNDA:1,(anonymous_1)
DA:3,1
DA:4,1
DA:8,1
LF:3
LH:3
BRF:0
BRH:0
end_of_record
TN:
SF:/Users/Verem/Code/school-portal/server/models/student.server.model.js
FN:3,(anonymous_1)
FN:11,(anonymous_2)
FNF:2
FNH:2
FNDA:1,(anonymous_1)
FNDA:1,(anonymous_2)
DA:3,1
DA:4,1
DA:12,1
DA:20,1
LF:4
LH:4
BRF:0
BRH:0
end_of_record
TN:
SF:/Users/Verem/Code/school-portal/server/models/term.server.model.js
FN:3,(anonymous_1)
FNF:1
FNH:1
FNDA:1,(anonymous_1)
DA:3,1
DA:4,1
DA:9,1
LF:3
LH:3
BRF:0
BRH:0
end_of_record
TN:
SF:/Users/Verem/Code/school-portal/server/models/user.server.model.js
FN:3,(anonymous_1)
FN:13,(anonymous_2)
FN:20,(anonymous_3)
FNF:3
FNH:3
FNDA:1,(anonymous_1)
FNDA:3,(anonymous_2)
FNDA:1,(anonymous_3)
DA:3,1
DA:4,1
DA:14,3
DA:15,3
DA:16,3
DA:21,1
DA:30,1
LF:7
LH:7
BRF:0
BRH:0
end_of_record
TN:
SF:/Users/Verem/Code/school-portal/server/controllers/index.js
FNF:0
FNH:0
DA:3,1
DA:4,1
DA:5,1
DA:6,1
DA:7,1
DA:9,1
LF:6
LH:6
BRF:0
BRH:0
end_of_record
TN:
SF:/Users/Verem/Code/school-portal/server/controllers/user.server.controller.js
FN:12,index
FN:13,(anonymous_2)
FN:16,(anonymous_3)
FN:21,find
FN:23,(anonymous_5)
FN:26,(anonymous_6)
FN:31,destroy
FN:37,(anonymous_8)
FN:40,(anonymous_9)
FN:46,update
FN:47,(anonymous_11)
FN:50,(anonymous_12)
FNF:12
FNH:12
FNDA:2,index
FNDA:1,(anonymous_2)
FNDA:1,(anonymous_3)
FNDA:2,find
FNDA:1,(anonymous_5)
FNDA:1,(anonymous_6)
FNDA:2,destroy
FNDA:1,(anonymous_8)
FNDA:1,(anonymous_9)
FNDA:2,update
FNDA:1,(anonymous_11)
FNDA:1,(anonymous_12)
DA:3,1
DA:5,1
DA:12,1
DA:13,2
DA:14,1
DA:17,1
DA:21,1
DA:22,2
DA:23,2
DA:24,1
DA:27,1
DA:31,1
DA:32,2
DA:33,2
DA:38,1
DA:41,1
DA:46,1
DA:47,2
DA:48,1
DA:51,1
LF:20
LH:20
BRF:0
BRH:0
end_of_record
TN:
SF:/Users/Verem/Code/school-portal/server/controllers/role.server.controller.js
FN:12,index
FN:13,(anonymous_2)
FN:16,(anonymous_3)
FN:21,find
FN:23,(anonymous_5)
FN:26,(anonymous_6)
FN:31,update
FN:38,(anonymous_8)
FN:40,(anonymous_9)
FN:45,destroy
FN:51,(anonymous_11)
FN:54,(anonymous_12)
FNF:12
FNH:12
FNDA:2,index
FNDA:1,(anonymous_2)
FNDA:1,(anonymous_3)
FNDA:2,find
FNDA:1,(anonymous_5)
FNDA:1,(anonymous_6)
FNDA:2,update
FNDA:1,(anonymous_8)
FNDA:1,(anonymous_9)
FNDA:2,destroy
FNDA:1,(anonymous_11)
FNDA:1,(anonymous_12)
DA:2,1
DA:4,1
DA:12,1
DA:13,2
DA:14,1
DA:17,1
DA:21,1
DA:22,2
DA:23,2
DA:24,1
DA:27,1
DA:31,1
DA:32,2
DA:33,2
DA:34,2
DA:39,1
DA:41,1
DA:45,1
DA:46,2
DA:47,2
DA:52,1
DA:55,1
LF:22
LH:22
BRF:0
BRH:0
end_of_record
TN:
SF:/Users/Verem/Code/school-portal/server/controllers/term.server.controller.js
FN:13,find
FN:15,(anonymous_2)
FN:18,(anonymous_3)
FN:23,index
FN:24,(anonymous_5)
FN:27,(anonymous_6)
FN:32,save
FN:34,(anonymous_8)
FN:37,(anonymous_9)
FN:42,update
FN:49,(anonymous_11)
FN:52,(anonymous_12)
FN:57,destroy
FN:63,(anonymous_14)
FN:66,(anonymous_15)
FNF:15
FNH:14
FNDA:2,find
FNDA:1,(anonymous_2)
FNDA:1,(anonymous_3)
FNDA:2,index
FNDA:1,(anonymous_5)
FNDA:1,(anonymous_6)
FNDA:1,save
FNDA:1,(anonymous_8)
FNDA:0,(anonymous_9)
FNDA:2,update
FNDA:1,(anonymous_11)
FNDA:1,(anonymous_12)
FNDA:2,destroy
FNDA:1,(anonymous_14)
FNDA:1,(anonymous_15)
DA:3,1
DA:5,1
DA:13,1
DA:14,2
DA:15,2
DA:16,1
DA:19,1
DA:23,1
DA:24,2
DA:25,1
DA:28,1
DA:32,1
DA:33,1
DA:34,1
DA:35,1
DA:38,0
DA:42,1
DA:43,2
DA:44,2
DA:45,2
DA:50,1
DA:53,1
DA:57,1
DA:58,2
DA:59,2
DA:64,1
DA:67,1
LF:27
LH:26
BRF:0
BRH:0
end_of_record
TN:
SF:/Users/Verem/Code/school-portal/server/controllers/student.server.controller.js
FN:13,find
FN:15,(anonymous_2)
FN:18,(anonymous_3)
FN:23,update
FN:30,(anonymous_5)
FN:33,(anonymous_6)
FN:38,destroy
FN:44,(anonymous_8)
FN:47,(anonymous_9)
FN:52,save
FN:54,(anonymous_11)
FN:57,(anonymous_12)
FN:62,index
FN:63,(anonymous_14)
FN:66,(anonymous_15)
FNF:15
FNH:14
FNDA:2,find
FNDA:1,(anonymous_2)
FNDA:1,(anonymous_3)
FNDA:2,update
FNDA:1,(anonymous_5)
FNDA:1,(anonymous_6)
FNDA:2,destroy
FNDA:1,(anonymous_8)
FNDA:1,(anonymous_9)
FNDA:1,save
FNDA:1,(anonymous_11)
FNDA:0,(anonymous_12)
FNDA:2,index
FNDA:1,(anonymous_14)
FNDA:1,(anonymous_15)
DA:1,1
DA:4,1
DA:13,1
DA:14,2
DA:15,2
DA:16,1
DA:19,1
DA:23,1
DA:24,2
DA:25,2
DA:26,2
DA:31,1
DA:34,1
DA:38,1
DA:39,2
DA:40,2
DA:45,1
DA:48,1
DA:52,1
DA:53,1
DA:54,1
DA:55,1
DA:58,0
DA:62,1
DA:63,2
DA:64,1
DA:67,1
LF:27
LH:26
BRF:0
BRH:0
end_of_record
TN:
SF:/Users/Verem/Code/school-portal/server/controllers/payment.server.controller.js
FN:12,index
FN:13,(anonymous_2)
FN:16,(anonymous_3)
FN:21,save
FN:23,(anonymous_5)
FN:26,(anonymous_6)
FN:31,find
FN:33,(anonymous_8)
FN:36,(anonymous_9)
FN:41,update
FN:48,(anonymous_11)
FN:51,(anonymous_12)
FN:56,destroy
FN:62,(anonymous_14)
FN:65,(anonymous_15)
FNF:15
FNH:14
FNDA:2,index
FNDA:1,(anonymous_2)
FNDA:1,(anonymous_3)
FNDA:1,save
FNDA:1,(anonymous_5)
FNDA:0,(anonymous_6)
FNDA:2,find
FNDA:1,(anonymous_8)
FNDA:1,(anonymous_9)
FNDA:2,update
FNDA:1,(anonymous_11)
FNDA:1,(anonymous_12)
FNDA:2,destroy
FNDA:1,(anonymous_14)
FNDA:1,(anonymous_15)
DA:1,1
DA:3,1
DA:12,1
DA:13,2
DA:14,1
DA:17,1
DA:21,1
DA:22,1
DA:23,1
DA:24,1
DA:27,0
DA:31,1
DA:32,2
DA:33,2
DA:34,1
DA:37,1
DA:41,1
DA:42,2
DA:43,2
DA:44,2
DA:49,1
DA:52,1
DA:56,1
DA:57,2
DA:58,2
DA:63,1
DA:66,1
LF:27
LH:26
BRF:0
BRH:0
end_of_record
